<?xml version="1.0" encoding="UTF-8"?>
<!-- Generated by org.testng.reporters.JUnitXMLReporter -->
<testsuite ignored="0" hostname="DESKTOP-CBS77CD" failures="1" tests="3" name="ErrorNotification" time="43.828" errors="0" timestamp="2026-01-12T23:39:47 IST">
  <testcase classname="Naresh_QA.FrameworkTutorial.LoginErrorTest" name="carterrorvalidation" time="26.217"/>
  <testcase classname="Naresh_QA.FrameworkTutorial.LoginErrorTest" name="loginerrorhandling" time="3.221"/>
  <testcase classname="Naresh_QA.FrameworkTutorial.LoginErrorTest" name="loginerrormessage" time="0.645">
    <failure type="java.lang.AssertionError" message="expected [Incorrect email or password.] but found [Incorrect email or password]">
      <![CDATA[java.lang.AssertionError: expected [Incorrect email or password.] but found [Incorrect email or password]
at Naresh_QA.FrameworkTutorial.LoginErrorTest.loginerrormessage(LoginErrorTest.java:35)
at java.base/java.util.ArrayList.forEach(ArrayList.java:1511)
at java.base/java.util.concurrent.FutureTask.run(FutureTask.java:264)
at java.base/java.util.concurrent.ThreadPoolExecutor.runWorker(ThreadPoolExecutor.java:1136)
at java.base/java.util.concurrent.ThreadPoolExecutor$Worker.run(ThreadPoolExecutor.java:635)
at java.base/java.lang.Thread.run(Thread.java:833)
... Removed 23 stack frames]]>
    </failure>
  </testcase> <!-- loginerrormessage -->
</testsuite> <!-- ErrorNotification -->
