<?xml version="1.0" encoding="UTF-8"?>
<!-- Generated by org.testng.reporters.JUnitXMLReporter -->
<testsuite ignored="0" hostname="DESKTOP-CBS77CD" failures="0" tests="3" name="ErrorNotification" time="45.935" errors="0" timestamp="2026-01-17T19:36:38 IST">
  <testcase classname="Naresh_QA.FrameworkTutorial.LoginErrorTest" name="carterrorvalidation" time="25.316"/>
  <testcase classname="Naresh_QA.FrameworkTutorial.LoginErrorTest" name="loginerrorhandling" time="3.361"/>
  <testcase classname="Naresh_QA.FrameworkTutorial.LoginErrorTest" name="loginerrormessage" time="1.385"/>
</testsuite> <!-- ErrorNotification -->
