<?xml version="1.0" encoding="UTF-8"?>
<testsuite xmlns:xsi="http://www.w3.org/2001/XMLSchema-instance" xsi:noNamespaceSchemaLocation="https://maven.apache.org/surefire/maven-surefire-plugin/xsd/surefire-test-report.xsd" version="3.0.2" name="TestSuite" time="78.563" tests="4" errors="0" skipped="0" failures="0">
  <properties>
[...]
</properties>
  <testcase name="submitorder" classname="Naresh_QA.FrameworkTutorial.finaltest" time="27.256">
    <system-out><![CDATA[TEST CASE Passed
]]></system-out>
    <system-err><![CDATA[SLF4J: Failed to load class "org.slf4j.impl.StaticLoggerBinder".
SLF4J: Defaulting to no-operation (NOP) logger implementation
SLF4J: See http://www.slf4j.org/codes.html#StaticLoggerBinder for further details.
]]></system-err>
  </testcase>
  <testcase name="carterrorvalidation" classname="Naresh_QA.FrameworkTutorial.LoginErrorTest" time="25.316"/>
  <testcase name="loginerrorhandling" classname="Naresh_QA.FrameworkTutorial.LoginErrorTest" time="3.36"/>
  <testcase name="loginerrormessage" classname="Naresh_QA.FrameworkTutorial.LoginErrorTest" time="1.383"/>
</testsuite>