<?xml version="1.0" encoding="UTF-8"?>
<testng-results ignored="0" total="1" passed="1" failed="0" skipped="0">
  <reporter-output>
  </reporter-output>
  <suite started-at="2026-01-17T19:56:11 IST" name="Surefire suite" finished-at="2026-01-17T19:56:18 IST" duration-ms="6637">
    <groups>
      <group name="cucumber">
        <method signature="AbstractTestNGCucumberTests.runScenario(io.cucumber.testng.PickleWrapper,io.cucumber.testng.FeatureWrapper)[pri:0, instance:Cucumber.TestNGTestrunner@4c9f8c13]" name="runScenario" class="io.cucumber.testng.AbstractTestNGCucumberTests"/>
      </group> <!-- cucumber -->
    </groups>
    <test started-at="2026-01-17T19:56:11 IST" name="Surefire test" finished-at="2026-01-17T19:56:18 IST" duration-ms="6637">
      <class name="Cucumber.TestNGTestrunner">
        <test-method is-config="true" signature="setUpClass(org.testng.ITestContext)[pri:0, instance:Cucumber.TestNGTestrunner@4c9f8c13]" started-at="2026-01-17T19:56:11 IST" name="setUpClass" finished-at="2026-01-17T19:56:12 IST" duration-ms="772" status="PASS">
          <params>
            <param index="0">
              <value>
                <![CDATA[org.testng.TestRunner@44de94c3]]>
              </value>
            </param>
          </params>
          <reporter-output>
          </reporter-output>
        </test-method> <!-- setUpClass -->
        <test-method signature="runScenario(io.cucumber.testng.PickleWrapper,io.cucumber.testng.FeatureWrapper)[pri:0, instance:Cucumber.TestNGTestrunner@4c9f8c13]" started-at="2026-01-17T19:56:12 IST" name="runScenario" description="Runs Cucumber Scenarios" data-provider="scenarios" finished-at="2026-01-17T19:56:18 IST" duration-ms="5771" status="PASS">
          <params>
            <param index="0">
              <value>
                <![CDATA["Negative test of purchase order"]]>
              </value>
            </param>
            <param index="1">
              <value>
                <![CDATA["Error validations"]]>
              </value>
            </param>
          </params>
          <reporter-output>
          </reporter-output>
        </test-method> <!-- runScenario -->
        <test-method is-config="true" signature="tearDownClass()[pri:0, instance:Cucumber.TestNGTestrunner@4c9f8c13]" started-at="2026-01-17T19:56:18 IST" name="tearDownClass" finished-at="2026-01-17T19:56:18 IST" duration-ms="40" status="PASS">
          <reporter-output>
          </reporter-output>
        </test-method> <!-- tearDownClass -->
      </class> <!-- Cucumber.TestNGTestrunner -->
    </test> <!-- Surefire test -->
  </suite> <!-- Surefire suite -->
</testng-results>
