<?xml version="1.0" encoding="UTF-8"?>
<!-- Generated by org.testng.reporters.JUnitReportReporter -->
<testsuite hostname="DESKTOP-CBS77CD" failures="0" tests="2" name="Naresh_QA.FrameworkTutorial.orderpageTest" time="33.076" errors="0" timestamp="2026-01-17T17:28:17 IST" skipped="0">
  <testcase classname="Naresh_QA.FrameworkTutorial.orderpageTest" name="submitorder1" time="21.674"/>
  <testcase classname="Naresh_QA.FrameworkTutorial.orderpageTest" name="testordershistory" time="11.402"/>
</testsuite> <!-- Naresh_QA.FrameworkTutorial.orderpageTest -->
