<?xml version="1.0" encoding="UTF-8"?>
<!-- Generated by org.testng.reporters.JUnitReportReporter -->
<testsuite hostname="DESKTOP-CBS77CD" failures="0" tests="2" name="Naresh_QA.FrameworkTutorial.Testdataprovider" time="54.330" errors="0" timestamp="2026-01-10T21:22:28 IST" skipped="0">
  <testcase classname="Naresh_QA.FrameworkTutorial.Testdataprovider" name="purchaseflow" time="24.942"/>
  <testcase classname="Naresh_QA.FrameworkTutorial.Testdataprovider" name="purchaseflow" time="29.388"/>
</testsuite> <!-- Naresh_QA.FrameworkTutorial.Testdataprovider -->
