<?xml version="1.0" encoding="UTF-8"?>
<!-- Generated by org.testng.reporters.JUnitReportReporter -->
<testsuite hostname="DESKTOP-CBS77CD" failures="0" tests="2" name="Naresh_QA.FrameworkTutorial.Testdataprovider" time="53.410" errors="0" timestamp="2026-01-14T19:15:20 IST" skipped="0">
  <testcase classname="Naresh_QA.FrameworkTutorial.Testdataprovider" name="purchaseflow" time="26.655"/>
  <testcase classname="Naresh_QA.FrameworkTutorial.Testdataprovider" name="purchaseflow" time="26.755"/>
</testsuite> <!-- Naresh_QA.FrameworkTutorial.Testdataprovider -->
