<?xml version="1.0" encoding="UTF-8"?>
<!-- Generated by org.testng.reporters.JUnitReportReporter -->
<testsuite hostname="DESKTOP-CBS77CD" failures="0" tests="3" name="Naresh_QA.FrameworkTutorial.LoginErrorTest" time="45.922" errors="0" timestamp="2026-01-17T19:36:38 IST" skipped="0">
  <testcase classname="Naresh_QA.FrameworkTutorial.LoginErrorTest" name="loginerrorhandling" time="9.002"/>
  <testcase classname="Naresh_QA.FrameworkTutorial.LoginErrorTest" name="carterrorvalidation" time="30.244"/>
  <testcase classname="Naresh_QA.FrameworkTutorial.LoginErrorTest" name="loginerrormessage" time="6.676"/>
</testsuite> <!-- Naresh_QA.FrameworkTutorial.LoginErrorTest -->
